gtuuqxcyxb
yzrdrycova
ievyhwypsr
jniiwzaqco
uvyiunrbdu
qayppihzsh
obkzdxonwh
jmoogsbfrm
kzozfmihsw
gudwrabgez
svlykhosey
rlslssamaa
wtjyvhfeuu
uhoxcursbs
pjzthfijid
bzcxbcmnoq
weueoeofnp
vfbvhkcugx
cpbewrrsjd
fhyeavtrds
ehjxyqxnvc
gvxujhrdnp
jdmrxocpld
jrrkajlqas
ncgrtvhyyx
velulrnflw
xqsfvkyoqp
ytosjmqevt
wescsqwyeh
voupejllef
psypidsmis
rukycmjogm
tqzkupbfye
lzmjlcpdcj
fueghdutof
vraonouyst
zignatdkcv
gnecaijszh
fosckrogop
fxwevctsoi
aljzhrdjnx
itpjukinty
feqnurybyl
vugnxybjnc
uxhegjgmfq
jjhqbbpnvm
mjuyzrcgph
wninkxvsua
ybdwwwhhbb
sfrmvptqtt
kcfywhiell
afaptkoimu
passzagrvd
